<?xml version="1.0" encoding="UTF-8"?>
<!-- Generated by org.testng.reporters.JUnitReportReporter -->
<testsuite hostname="vikram" failures="0" tests="1" name="SumValidation" time="0.480" errors="0" timestamp="2024-08-13T08:19:31 IST" skipped="0">
  <testcase classname="SumValidation" name="sumOfCourse" time="0.480"/>
</testsuite> <!-- SumValidation -->
