<?xml version="1.0" encoding="UTF-8"?>
<!-- Generated by org.testng.reporters.JUnitReportReporter -->
<testsuite hostname="vikram" failures="0" tests="3" name="files.DynamicJson" time="1.323" errors="0" timestamp="2024-08-10T11:49:53 IST" skipped="0">
  <testcase classname="files.DynamicJson" name="addBook" time="0.177"/>
  <testcase classname="files.DynamicJson" name="addBook" time="0.190"/>
  <testcase classname="files.DynamicJson" name="addBook" time="0.956"/>
</testsuite> <!-- files.DynamicJson -->
